<?xml version="1.0" encoding="UTF-8"?>
<!-- Generated by org.testng.reporters.JUnitXMLReporter -->
<testsuite hostname="zhyhyr" ignored="0" name="Command line test" tests="6" failures="0" timestamp="01 авг 2019 15:35:27 GMT" time="0.213" errors="0">
  <testcase name="IOSApps" time="0.044" classname="vghjk.AppiumTest"/>
  <testcase name="NativeAPpAndroid" time="0.003" classname="vghjk.AppiumTest"/>
  <testcase name="deleteTwitter" time="0.007" classname="vghjk.RESTAPITest"/>
  <testcase name="postJira" time="0.001" classname="vghjk.RESTAPITest"/>
  <testcase name="BrowserAUtomation" time="0.01" classname="vghjk.SeleniumTest"/>
  <testcase name="elementsUi" time="0.002" classname="vghjk.SeleniumTest"/>
</testsuite> <!-- Command line test -->
