<?xml version="1.0" encoding="UTF-8"?>
<!-- Generated by org.testng.reporters.JUnitXMLReporter -->
<testsuite ignored="0" hostname="zhyhyr" failures="0" tests="7" name="Test" time="0.068" errors="0" timestamp="01 авг. 2019 11:26:12 GMT">
  <testcase classname="vghjk.Tost" name="@BeforeSuite f" time="0.0">
    <failure type="org.openqa.selenium.WebDriverException" message="Timed out waiting for driver server to start.
Build info: version: &amp;apos;3.141.59&amp;apos;, revision: &amp;apos;e82be7d358&amp;apos;, time: &amp;apos;2018-11-14T08:17:03&amp;apos;
System info: host: &amp;apos;ZHYHYR&amp;apos;, ip: &amp;apos;192.168.2.1&amp;apos;, os.name: &amp;apos;Windows 8.1&amp;apos;, os.arch: &amp;apos;amd64&amp;apos;, os.version: &amp;apos;6.3&amp;apos;, java.version: &amp;apos;12.0.2&amp;apos;
Driver info: driver.version: ChromeDriver">
      <![CDATA[org.openqa.selenium.WebDriverException: Timed out waiting for driver server to start.
Build info: version: '3.141.59', revision: 'e82be7d358', time: '2018-11-14T08:17:03'
System info: host: 'ZHYHYR', ip: '192.168.2.1', os.name: 'Windows 8.1', os.arch: 'amd64', os.version: '6.3', java.version: '12.0.2'
Driver info: driver.version: ChromeDriver
	at org.openqa.selenium.remote.service.DriverService.waitUntilAvailable(DriverService.java:202)
	at org.openqa.selenium.remote.service.DriverService.start(DriverService.java:188)
	at org.openqa.selenium.remote.service.DriverCommandExecutor.execute(DriverCommandExecutor.java:79)
	at org.openqa.selenium.remote.RemoteWebDriver.execute(RemoteWebDriver.java:552)
	at org.openqa.selenium.remote.RemoteWebDriver.startSession(RemoteWebDriver.java:213)
	at org.openqa.selenium.remote.RemoteWebDriver.<init>(RemoteWebDriver.java:131)
	at org.openqa.selenium.chrome.ChromeDriver.<init>(ChromeDriver.java:181)
	at org.openqa.selenium.chrome.ChromeDriver.<init>(ChromeDriver.java:168)
	at org.openqa.selenium.chrome.ChromeDriver.<init>(ChromeDriver.java:123)
	at vghjk.Tost.f(Tost.java:21)
Caused by: org.openqa.selenium.net.UrlChecker$TimeoutException: Timed out waiting for [http://localhost:15868/status] to be available after 20003 ms
	at org.openqa.selenium.net.UrlChecker.waitUntilAvailable(UrlChecker.java:100)
	at org.openqa.selenium.remote.service.DriverService.waitUntilAvailable(DriverService.java:197)
	... 32 more
Caused by: java.util.concurrent.TimeoutException
	at java.base/java.util.concurrent.FutureTask.get(FutureTask.java:204)
	at com.google.common.util.concurrent.SimpleTimeLimiter.callWithTimeout(SimpleTimeLimiter.java:156)
	at org.openqa.selenium.net.UrlChecker.waitUntilAvailable(UrlChecker.java:75)
	... 33 more
... Removed 23 stack frames]]>
    </failure>
  </testcase> <!-- @BeforeSuite f -->
  <testcase classname="vghjk.Tost" name="@BeforeTest profileSetup" time="0.0">
    <skipped/>
  </testcase> <!-- @BeforeTest profileSetup -->
  <testcase classname="vghjk.Tost" name="@BeforeClass appSetup" time="0.0">
    <skipped/>
  </testcase> <!-- @BeforeClass appSetup -->
  <testcase classname="vghjk.AppiumTest" name="IOSApps" time="0.0">
    <skipped/>
  </testcase> <!-- IOSApps -->
  <testcase classname="vghjk.AppiumTest" name="NativeAPpAndroid" time="0.001">
    <skipped/>
  </testcase> <!-- NativeAPpAndroid -->
  <testcase classname="vghjk.Tost" name="enterData" time="0.0">
    <skipped/>
  </testcase> <!-- enterData -->
  <testcase classname="vghjk.RESTAPITest" name="deleteTwitter" time="0.001">
    <skipped/>
  </testcase> <!-- deleteTwitter -->
  <testcase classname="vghjk.RESTAPITest" name="postJira" time="0.001">
    <skipped/>
  </testcase> <!-- postJira -->
  <testcase classname="vghjk.SeleniumTest" name="BrowserAUtomation" time="0.0">
    <skipped/>
  </testcase> <!-- BrowserAUtomation -->
  <testcase classname="vghjk.SeleniumTest" name="elementsUi" time="0.001">
    <skipped/>
  </testcase> <!-- elementsUi -->
</testsuite> <!-- Test -->
