<?xml version="1.0" encoding="UTF-8"?>
<testng-results skipped="0" failed="0" ignored="0" total="6" passed="6">
  <reporter-output>
  </reporter-output>
  <suite name="Command line suite" duration-ms="213" started-at="2019-08-01T15:35:27Z" finished-at="2019-08-01T15:35:27Z">
    <groups>
    </groups>
    <test name="Command line test" duration-ms="213" started-at="2019-08-01T15:35:27Z" finished-at="2019-08-01T15:35:27Z">
      <class name="vghjk.AppiumTest">
        <test-method status="PASS" signature="IOSApps()[pri:0, instance:vghjk.AppiumTest@56cbfb61]" name="IOSApps" duration-ms="44" started-at="2019-08-01T18:35:27Z" finished-at="2019-08-01T18:35:27Z">
          <reporter-output>
          </reporter-output>
        </test-method> <!-- IOSApps -->
        <test-method status="PASS" signature="NativeAPpAndroid()[pri:0, instance:vghjk.AppiumTest@56cbfb61]" name="NativeAPpAndroid" duration-ms="3" started-at="2019-08-01T18:35:27Z" finished-at="2019-08-01T18:35:27Z">
          <reporter-output>
          </reporter-output>
        </test-method> <!-- NativeAPpAndroid -->
      </class> <!-- vghjk.AppiumTest -->
      <class name="vghjk.SeleniumTest">
        <test-method status="PASS" signature="BrowserAUtomation()[pri:0, instance:vghjk.SeleniumTest@1b0375b3]" name="BrowserAUtomation" duration-ms="10" started-at="2019-08-01T18:35:27Z" finished-at="2019-08-01T18:35:27Z">
          <reporter-output>
          </reporter-output>
        </test-method> <!-- BrowserAUtomation -->
        <test-method status="PASS" signature="elementsUi()[pri:0, instance:vghjk.SeleniumTest@1b0375b3]" name="elementsUi" duration-ms="2" started-at="2019-08-01T18:35:27Z" finished-at="2019-08-01T18:35:27Z">
          <reporter-output>
          </reporter-output>
        </test-method> <!-- elementsUi -->
      </class> <!-- vghjk.SeleniumTest -->
      <class name="vghjk.RESTAPITest">
        <test-method status="PASS" signature="deleteTwitter()[pri:0, instance:vghjk.RESTAPITest@129a8472]" name="deleteTwitter" duration-ms="7" started-at="2019-08-01T18:35:27Z" finished-at="2019-08-01T18:35:27Z">
          <reporter-output>
          </reporter-output>
        </test-method> <!-- deleteTwitter -->
        <test-method status="PASS" signature="postJira()[pri:0, instance:vghjk.RESTAPITest@129a8472]" name="postJira" duration-ms="1" started-at="2019-08-01T18:35:27Z" finished-at="2019-08-01T18:35:27Z">
          <reporter-output>
          </reporter-output>
        </test-method> <!-- postJira -->
      </class> <!-- vghjk.RESTAPITest -->
    </test> <!-- Command line test -->
  </suite> <!-- Command line suite -->
</testng-results>
