<?xml version="1.0" encoding="UTF-8" ?>
<testsuite tests="6" failures="0" name="TestSuite" time="0.073" errors="0" skipped="0">
  <properties>
[...]
</properties>
  <testcase classname="vghjk.AppiumTest" name="IOSApps" time="0.05"/>
  <testcase classname="vghjk.AppiumTest" name="NativeAPpAndroid" time="0.012"/>
  <testcase classname="vghjk.RESTAPITest" name="deleteTwitter" time="0.003"/>
  <testcase classname="vghjk.RESTAPITest" name="postJira" time="0.003"/>
  <testcase classname="vghjk.SeleniumTest" name="BrowserAUtomation" time="0.003"/>
  <testcase classname="vghjk.SeleniumTest" name="elementsUi" time="0.002"/>
</testsuite>